CMake Deprecation Warning at CMakeLists.txt:44 (cmake_policy):
  The OLD behavior for policy CMP0053 will be removed from a future version
  of CMake.

  The cmake-policies(7) manual explains that the OLD behaviors of all
  policies are deprecated and that a policy should be set to OLD only under
  specific short-term circumstances.  Projects should be ported to the NEW
  behavior and not rely on setting a policy to OLD.


CMake Deprecation Warning at CMakeLists.txt:47 (cmake_policy):
  The OLD behavior for policy CMP0037 will be removed from a future version
  of CMake.

  The cmake-policies(7) manual explains that the OLD behaviors of all
  policies are deprecated and that a policy should be set to OLD only under
  specific short-term circumstances.  Projects should be ported to the NEW
  behavior and not rely on setting a policy to OLD.


CMake Deprecation Warning at CMakeLists.txt:50 (cmake_policy):
  The OLD behavior for policy CMP0043 will be removed from a future version
  of CMake.

  The cmake-policies(7) manual explains that the OLD behaviors of all
  policies are deprecated and that a policy should be set to OLD only under
  specific short-term circumstances.  Projects should be ported to the NEW
  behavior and not rely on setting a policy to OLD.


CMake Deprecation Warning at cmake/install_package.cmake:101 (cmake_policy):
  The OLD behavior for policy CMP0026 will be removed from a future version
  of CMake.

  The cmake-policies(7) manual explains that the OLD behaviors of all
  policies are deprecated and that a policy should be set to OLD only under
  specific short-term circumstances.  Projects should be ported to the NEW
  behavior and not rely on setting a policy to OLD.
Call Stack (most recent call first):
  CMakeLists.txt:161 (install_package)


CMake Warning (dev) at cmake/install_package.cmake:191 (install):
  Policy CMP0062 is not set: Disallow install() of export() result.  Run
  "cmake --help-policy CMP0062" for policy details.  Use the cmake_policy
  command to set the policy and suppress this warning.

  The file

    /workspaces/docker-ros2-ydlidar-x4/build/ydlidar_sdk/ydlidar_sdkTargets.cmake

  was generated by the export() command.  It should not be installed with the
  install() command.  Use the install(EXPORT) mechanism instead.  See the
  cmake-packages(7) manual for more.

Call Stack (most recent call first):
  CMakeLists.txt:161 (install_package)
This warning is for project developers.  Use -Wno-dev to suppress it.

[01m[Kcc1:[m[K [01;35m[Kwarning: [m[Kcommand line option ‘[01m[K-std=c++11[m[K’ is valid for C++/ObjC++ but not for C
[01m[K/workspaces/docker-ros2-ydlidar-x4/YDLidar-SDK/samples/lidar_c_api_test.c:[m[K In function ‘[01m[Kmain[m[K’:
[01m[K/workspaces/docker-ros2-ydlidar-x4/YDLidar-SDK/samples/lidar_c_api_test.c:102:47:[m[K [01;35m[Kwarning: [m[Kformat ‘[01m[K%llu[m[K’ expects argument of type ‘[01m[Klong long unsigned int[m[K’, but argument 3 has type ‘[01m[Kuint64_t[m[K’ {aka ‘[01m[Klong unsigned int[m[K’} [[01;35m[K-Wformat=[m[K]
  102 |             fprintf(stdout, "Scan received[[01;35m[K%llu[m[K]: %u ranges is [%f]Hz\n",
      |                                            [01;35m[K~~~^[m[K
      |                                               [01;35m[K|[m[K
      |                                               [01;35m[Klong long unsigned int[m[K
      |                                            [32m[K%lu[m[K
  103 |                     [32m[Kscan.stamp[m[K,
      |                     [32m[K~~~~~~~~~~[m[K                 
      |                         [32m[K|[m[K
      |                         [32m[Kuint64_t {aka long unsigned int}[m[K
[01m[K/workspaces/docker-ros2-ydlidar-x4/YDLidar-SDK/samples/etlidar_test.cpp:[m[K In function ‘[01m[Kint main(int, char**)[m[K’:
[01m[K/workspaces/docker-ros2-ydlidar-x4/YDLidar-SDK/samples/etlidar_test.cpp:178:41:[m[K [01;35m[Kwarning: [m[Kformat ‘[01m[K%llu[m[K’ expects argument of type ‘[01m[Klong long unsigned int[m[K’, but argument 3 has type ‘[01m[Kuint64_t[m[K’ {aka ‘[01m[Klong unsigned int[m[K’} [[01;35m[K-Wformat=[m[K]
  178 |       fprintf(stdout, "Scan received[[01;35m[K%llu[m[K]: %u ranges is [%f]Hz\n",
      |                                      [01;35m[K~~~^[m[K
      |                                         [01;35m[K|[m[K
      |                                         [01;35m[Klong long unsigned int[m[K
      |                                      [32m[K%lu[m[K
  179 |               [32m[Kscan.stamp[m[K,
      |               [32m[K~~~~~~~~~~[m[K                 
      |                    [32m[K|[m[K
      |                    [32m[Kuint64_t {aka long unsigned int}[m[K
[01m[K/workspaces/docker-ros2-ydlidar-x4/YDLidar-SDK/samples/tof_test.cpp:[m[K In function ‘[01m[Kint main(int, char**)[m[K’:
[01m[K/workspaces/docker-ros2-ydlidar-x4/YDLidar-SDK/samples/tof_test.cpp:259:41:[m[K [01;35m[Kwarning: [m[Kformat ‘[01m[K%llu[m[K’ expects argument of type ‘[01m[Klong long unsigned int[m[K’, but argument 3 has type ‘[01m[Kuint64_t[m[K’ {aka ‘[01m[Klong unsigned int[m[K’} [[01;35m[K-Wformat=[m[K]
  259 |       fprintf(stdout, "Scan received[[01;35m[K%llu[m[K]: %u ranges is [%f]Hz\n",
      |                                      [01;35m[K~~~^[m[K
      |                                         [01;35m[K|[m[K
      |                                         [01;35m[Klong long unsigned int[m[K
      |                                      [32m[K%lu[m[K
  260 |               [32m[Kscan.stamp[m[K,
      |               [32m[K~~~~~~~~~~[m[K                 
      |                    [32m[K|[m[K
      |                    [32m[Kuint64_t {aka long unsigned int}[m[K
[01m[K/workspaces/docker-ros2-ydlidar-x4/YDLidar-SDK/samples/ydlidar_test.cpp:[m[K In function ‘[01m[Kint main(int, char**)[m[K’:
[01m[K/workspaces/docker-ros2-ydlidar-x4/YDLidar-SDK/samples/ydlidar_test.cpp:262:41:[m[K [01;35m[Kwarning: [m[Kformat ‘[01m[K%llu[m[K’ expects argument of type ‘[01m[Klong long unsigned int[m[K’, but argument 3 has type ‘[01m[Kuint64_t[m[K’ {aka ‘[01m[Klong unsigned int[m[K’} [[01;35m[K-Wformat=[m[K]
  262 |       fprintf(stdout, "Scan received[[01;35m[K%llu[m[K]: %u ranges is [%f]Hz\n",
      |                                      [01;35m[K~~~^[m[K
      |                                         [01;35m[K|[m[K
      |                                         [01;35m[Klong long unsigned int[m[K
      |                                      [32m[K%lu[m[K
  263 |               [32m[Kscan.stamp[m[K,
      |               [32m[K~~~~~~~~~~[m[K                 
      |                    [32m[K|[m[K
      |                    [32m[Kuint64_t {aka long unsigned int}[m[K
