[0.009s] Invoking command in '/workspaces/docker-ros2-ydlidar-x4/build/ydlidar_sdk': /usr/bin/cmake /workspaces/docker-ros2-ydlidar-x4/YDLidar-SDK -DCMAKE_INSTALL_PREFIX=/workspaces/docker-ros2-ydlidar-x4/install/ydlidar_sdk
[0.054s] -- The C compiler identification is GNU 9.3.0
[0.097s] -- The CXX compiler identification is GNU 9.3.0
[0.102s] -- Check for working C compiler: /usr/bin/cc
[0.146s] -- Check for working C compiler: /usr/bin/cc -- works
[0.147s] -- Detecting C compiler ABI info
[0.198s] -- Detecting C compiler ABI info - done
[0.213s] -- Detecting C compile features
[0.213s] -- Detecting C compile features - done
[0.216s] -- Check for working CXX compiler: /usr/bin/c++
[0.275s] -- Check for working CXX compiler: /usr/bin/c++ -- works
[0.276s] -- Detecting CXX compiler ABI info
[0.329s] -- Detecting CXX compiler ABI info - done
[0.341s] -- Detecting CXX compile features
[0.341s] -- Detecting CXX compile features - done
[0.343s] CMake Deprecation Warning at CMakeLists.txt:44 (cmake_policy):
[0.343s]   The OLD behavior for policy CMP0053 will be removed from a future version
[0.343s]   of CMake.
[0.343s] 
[0.343s]   The cmake-policies(7) manual explains that the OLD behaviors of all
[0.343s]   policies are deprecated and that a policy should be set to OLD only under
[0.343s]   specific short-term circumstances.  Projects should be ported to the NEW
[0.343s]   behavior and not rely on setting a policy to OLD.
[0.343s] 
[0.343s] 
[0.343s] CMake Deprecation Warning at CMakeLists.txt:47 (cmake_policy):
[0.343s]   The OLD behavior for policy CMP0037 will be removed from a future version
[0.343s]   of CMake.
[0.343s] 
[0.343s]   The cmake-policies(7) manual explains that the OLD behaviors of all
[0.343s]   policies are deprecated and that a policy should be set to OLD only under
[0.343s]   specific short-term circumstances.  Projects should be ported to the NEW
[0.343s]   behavior and not rely on setting a policy to OLD.
[0.343s] 
[0.344s] 
[0.344s] CMake Deprecation Warning at CMakeLists.txt:50 (cmake_policy):
[0.344s]   The OLD behavior for policy CMP0043 will be removed from a future version
[0.344s]   of CMake.
[0.344s] 
[0.344s]   The cmake-policies(7) manual explains that the OLD behaviors of all
[0.344s]   policies are deprecated and that a policy should be set to OLD only under
[0.344s]   specific short-term circumstances.  Projects should be ported to the NEW
[0.344s]   behavior and not rely on setting a policy to OLD.
[0.344s] 
[0.344s] 
[0.344s] -- Could NOT find SWIG (missing: SWIG_EXECUTABLE SWIG_DIR) 
[0.359s] -- Found PythonInterp: /usr/bin/python3.8 (found version "3.8.10") 
[0.363s] -- Found PythonLibs: /usr/lib/x86_64-linux-gnu/libpython3.8.so (found version "3.8.10") 
[0.366s] -- Found GTest: /usr/lib/x86_64-linux-gnu/libgtest.a  
[0.561s] -- build test is ON.....
[0.562s] CMake Deprecation Warning at cmake/install_package.cmake:101 (cmake_policy):
[0.562s]   The OLD behavior for policy CMP0026 will be removed from a future version
[0.562s]   of CMake.
[0.562s] 
[0.562s]   The cmake-policies(7) manual explains that the OLD behaviors of all
[0.562s]   policies are deprecated and that a policy should be set to OLD only under
[0.562s]   specific short-term circumstances.  Projects should be ported to the NEW
[0.562s]   behavior and not rely on setting a policy to OLD.
[0.562s] Call Stack (most recent call first):
[0.562s]   CMakeLists.txt:161 (install_package)
[0.563s] 
[0.563s] 
[0.564s] CMake Warning (dev) at cmake/install_package.cmake:191 (install):
[0.564s]   Policy CMP0062 is not set: Disallow install() of export() result.  Run
[0.564s]   "cmake --help-policy CMP0062" for policy details.  Use the cmake_policy
[0.564s]   command to set the policy and suppress this warning.
[0.564s] 
[0.564s]   The file
[0.564s] 
[0.565s]     /workspaces/docker-ros2-ydlidar-x4/build/ydlidar_sdk/ydlidar_sdkTargets.cmake
[0.565s] 
[0.565s]   was generated by the export() command.  It should not be installed with the
[0.565s]   install() command.  Use the install(EXPORT) mechanism instead.  See the
[0.565s]   cmake-packages(7) manual for more.
[0.565s] 
[0.565s] Call Stack (most recent call first):
[0.565s]   CMakeLists.txt:161 (install_package)
[0.565s] This warning is for project developers.  Use -Wno-dev to suppress it.
[0.565s] 
[0.572s] -- 
[0.572s] -- +===========================================================================+
[0.572s] -- |         Resulting configuration for                             |
[0.573s] -- +===========================================================================+
[0.573s] --  _________________________ PLATFORM _____________________________
[0.573s] --  Host                        : Linux5.4.0-89-genericx86_64
[0.573s] --  Is the system big endian?   :  No 
[0.573s] --  Word size (32/64 bit)       : 64
[0.573s] --  CMake version               : 3.16.3
[0.573s] --  CMake generator             : Unix Makefiles
[0.573s] --  CMake build tool            : /usr/bin/make
[0.573s] --  Compiler                    : GNU
[0.573s] --  Configuration               : 
[0.573s] -- 
[0.573s] --  __________________________ OPTIONS _____________________________
[0.574s] --  Build YDLidar-SDK as a shared library?　　 :  No 
[0.574s] --  Build Examples?　　　　　　　　　　　　　　 : Yes 
[0.574s] --  Build C Sharp API?　　　　　　　　　　　　 :  No 
[0.574s] --  Build TEST?  			　　　 : Yes 
[0.574s] -- 
[0.574s] --  _________________________ INSTALL _____________________
[0.574s] --  Install prefix                    : /workspaces/docker-ros2-ydlidar-x4/install/ydlidar_sdk
[0.574s] -- 
[0.574s] --  _______________________ WRAPPERS/BINDINGS ______________________
[0.574s] --  Python bindings (pyydlidar)   :  No 
[0.574s] --   - dep: Swig found?       :  No [Version: ]
[0.574s] --   - dep: PythonLibs found?  : Yes [Version: 3.8.10]
[0.575s] -- 
[0.576s] -- Configuring done
[0.588s] -- Generating done
[0.589s] -- Build files have been written to: /workspaces/docker-ros2-ydlidar-x4/build/ydlidar_sdk
[0.595s] Invoked command in '/workspaces/docker-ros2-ydlidar-x4/build/ydlidar_sdk' returned '0': /usr/bin/cmake /workspaces/docker-ros2-ydlidar-x4/YDLidar-SDK -DCMAKE_INSTALL_PREFIX=/workspaces/docker-ros2-ydlidar-x4/install/ydlidar_sdk
[0.596s] Invoking command in '/workspaces/docker-ros2-ydlidar-x4/build/ydlidar_sdk': /usr/bin/cmake --build /workspaces/docker-ros2-ydlidar-x4/build/ydlidar_sdk -- -j16 -l16
[0.624s] [35m[1mScanning dependencies of target ydlidar_sdk[0m
[0.640s] [  4%] [32mBuilding CXX object CMakeFiles/ydlidar_sdk.dir/core/serial/impl/unix/unix_serial.cpp.o[0m
[0.640s] [ 12%] [32mBuilding CXX object CMakeFiles/ydlidar_sdk.dir/core/network/PassiveSocket.cpp.o[0m
[0.641s] [ 12%] [32mBuilding CXX object CMakeFiles/ydlidar_sdk.dir/core/network/SimpleSocket.cpp.o[0m
[0.641s] [ 20%] [32mBuilding CXX object CMakeFiles/ydlidar_sdk.dir/core/base/timer.cpp.o[0m
[0.641s] [ 20%] [32mBuilding CXX object CMakeFiles/ydlidar_sdk.dir/core/common/ydlidar_def.cpp.o[0m
[0.641s] [ 25%] [32mBuilding CXX object CMakeFiles/ydlidar_sdk.dir/core/network/ActiveSocket.cpp.o[0m
[0.642s] [ 29%] [32mBuilding CXX object CMakeFiles/ydlidar_sdk.dir/core/serial/serial.cpp.o[0m
[0.642s] [ 33%] [32mBuilding C object CMakeFiles/ydlidar_sdk.dir/core/serial/impl/unix/lock.c.o[0m
[0.643s] [ 37%] [32mBuilding CXX object CMakeFiles/ydlidar_sdk.dir/src/CYdLidar.cpp.o[0m
[0.644s] [ 41%] [32mBuilding CXX object CMakeFiles/ydlidar_sdk.dir/src/ydlidar_driver.cpp.o[0m
[0.645s] [ 45%] [32mBuilding CXX object CMakeFiles/ydlidar_sdk.dir/src/ETLidarDriver.cpp.o[0m
[0.645s] [ 50%] [32mBuilding CXX object CMakeFiles/ydlidar_sdk.dir/core/serial/impl/unix/list_ports_linux.cpp.o[0m
[0.648s] [ 54%] [32mBuilding CXX object CMakeFiles/ydlidar_sdk.dir/src/ydlidar_sdk.cpp.o[0m
[1.347s] [ 58%] [32m[1mLinking CXX static library libydlidar_sdk.a[0m
[1.375s] [ 58%] Built target ydlidar_sdk
[1.383s] [35m[1mScanning dependencies of target lidar_c_api_test[0m
[1.383s] [35m[1mScanning dependencies of target lidar_test[0m
[1.383s] [35m[1mScanning dependencies of target ydlidar_test[0m
[1.383s] [35m[1mScanning dependencies of target tof_test[0m
[1.383s] [35m[1mScanning dependencies of target etlidar_test[0m
[1.391s] [ 66%] [32mBuilding CXX object samples/CMakeFiles/ydlidar_test.dir/ydlidar_test.cpp.o[0m
[1.391s] [ 66%] [32mBuilding C object samples/CMakeFiles/lidar_c_api_test.dir/lidar_c_api_test.c.o[0m
[1.391s] [ 70%] [32mBuilding CXX object samples/CMakeFiles/tof_test.dir/tof_test.cpp.o[0m
[1.391s] [ 75%] [32mBuilding CXX object samples/CMakeFiles/etlidar_test.dir/etlidar_test.cpp.o[0m
[1.392s] [ 79%] [32mBuilding CXX object test/CMakeFiles/lidar_test.dir/lidar_test.cpp.o[0m
[1.395s] [01m[Kcc1:[m[K [01;35m[Kwarning: [m[Kcommand line option ‘[01m[K-std=c++11[m[K’ is valid for C++/ObjC++ but not for C
[1.412s] [01m[K/workspaces/docker-ros2-ydlidar-x4/YDLidar-SDK/samples/lidar_c_api_test.c:[m[K In function ‘[01m[Kmain[m[K’:
[1.412s] [01m[K/workspaces/docker-ros2-ydlidar-x4/YDLidar-SDK/samples/lidar_c_api_test.c:102:47:[m[K [01;35m[Kwarning: [m[Kformat ‘[01m[K%llu[m[K’ expects argument of type ‘[01m[Klong long unsigned int[m[K’, but argument 3 has type ‘[01m[Kuint64_t[m[K’ {aka ‘[01m[Klong unsigned int[m[K’} [[01;35m[K-Wformat=[m[K]
[1.412s]   102 |             fprintf(stdout, "Scan received[[01;35m[K%llu[m[K]: %u ranges is [%f]Hz\n",
[1.412s]       |                                            [01;35m[K~~~^[m[K
[1.412s]       |                                               [01;35m[K|[m[K
[1.412s]       |                                               [01;35m[Klong long unsigned int[m[K
[1.412s]       |                                            [32m[K%lu[m[K
[1.413s]   103 |                     [32m[Kscan.stamp[m[K,
[1.413s]       |                     [32m[K~~~~~~~~~~[m[K                 
[1.413s]       |                         [32m[K|[m[K
[1.413s]       |                         [32m[Kuint64_t {aka long unsigned int}[m[K
[1.431s] [ 83%] [32m[1mLinking CXX executable ../lidar_c_api_test[0m
[1.558s] [ 83%] Built target lidar_c_api_test
[1.618s] [01m[K/workspaces/docker-ros2-ydlidar-x4/YDLidar-SDK/samples/etlidar_test.cpp:[m[K In function ‘[01m[Kint main(int, char**)[m[K’:
[1.618s] [01m[K/workspaces/docker-ros2-ydlidar-x4/YDLidar-SDK/samples/etlidar_test.cpp:178:41:[m[K [01;35m[Kwarning: [m[Kformat ‘[01m[K%llu[m[K’ expects argument of type ‘[01m[Klong long unsigned int[m[K’, but argument 3 has type ‘[01m[Kuint64_t[m[K’ {aka ‘[01m[Klong unsigned int[m[K’} [[01;35m[K-Wformat=[m[K]
[1.618s]   178 |       fprintf(stdout, "Scan received[[01;35m[K%llu[m[K]: %u ranges is [%f]Hz\n",
[1.618s]       |                                      [01;35m[K~~~^[m[K
[1.618s]       |                                         [01;35m[K|[m[K
[1.618s]       |                                         [01;35m[Klong long unsigned int[m[K
[1.618s]       |                                      [32m[K%lu[m[K
[1.618s]   179 |               [32m[Kscan.stamp[m[K,
[1.618s]       |               [32m[K~~~~~~~~~~[m[K                 
[1.618s]       |                    [32m[K|[m[K
[1.618s]       |                    [32m[Kuint64_t {aka long unsigned int}[m[K
[1.634s] [01m[K/workspaces/docker-ros2-ydlidar-x4/YDLidar-SDK/samples/tof_test.cpp:[m[K In function ‘[01m[Kint main(int, char**)[m[K’:
[1.634s] [01m[K/workspaces/docker-ros2-ydlidar-x4/YDLidar-SDK/samples/tof_test.cpp:259:41:[m[K [01;35m[Kwarning: [m[Kformat ‘[01m[K%llu[m[K’ expects argument of type ‘[01m[Klong long unsigned int[m[K’, but argument 3 has type ‘[01m[Kuint64_t[m[K’ {aka ‘[01m[Klong unsigned int[m[K’} [[01;35m[K-Wformat=[m[K]
[1.634s]   259 |       fprintf(stdout, "Scan received[[01;35m[K%llu[m[K]: %u ranges is [%f]Hz\n",
[1.634s]       |                                      [01;35m[K~~~^[m[K
[1.634s]       |                                         [01;35m[K|[m[K
[1.635s]       |                                         [01;35m[Klong long unsigned int[m[K
[1.635s]       |                                      [32m[K%lu[m[K
[1.635s]   260 |               [32m[Kscan.stamp[m[K,
[1.635s]       |               [32m[K~~~~~~~~~~[m[K                 
[1.635s]       |                    [32m[K|[m[K
[1.635s]       |                    [32m[Kuint64_t {aka long unsigned int}[m[K
[1.637s] [01m[K/workspaces/docker-ros2-ydlidar-x4/YDLidar-SDK/samples/ydlidar_test.cpp:[m[K In function ‘[01m[Kint main(int, char**)[m[K’:
[1.637s] [01m[K/workspaces/docker-ros2-ydlidar-x4/YDLidar-SDK/samples/ydlidar_test.cpp:262:41:[m[K [01;35m[Kwarning: [m[Kformat ‘[01m[K%llu[m[K’ expects argument of type ‘[01m[Klong long unsigned int[m[K’, but argument 3 has type ‘[01m[Kuint64_t[m[K’ {aka ‘[01m[Klong unsigned int[m[K’} [[01;35m[K-Wformat=[m[K]
[1.637s]   262 |       fprintf(stdout, "Scan received[[01;35m[K%llu[m[K]: %u ranges is [%f]Hz\n",
[1.637s]       |                                      [01;35m[K~~~^[m[K
[1.637s]       |                                         [01;35m[K|[m[K
[1.637s]       |                                         [01;35m[Klong long unsigned int[m[K
[1.637s]       |                                      [32m[K%lu[m[K
[1.637s]   263 |               [32m[Kscan.stamp[m[K,
[1.637s]       |               [32m[K~~~~~~~~~~[m[K                 
[1.637s]       |                    [32m[K|[m[K
[1.637s]       |                    [32m[Kuint64_t {aka long unsigned int}[m[K
[1.659s] [ 87%] [32m[1mLinking CXX executable ../etlidar_test[0m
[1.740s] [ 87%] Built target etlidar_test
[1.748s] [ 91%] [32m[1mLinking CXX executable ../tof_test[0m
[1.759s] [ 95%] [32m[1mLinking CXX executable ../ydlidar_test[0m
[1.832s] [ 95%] Built target tof_test
[1.851s] [ 95%] Built target ydlidar_test
[1.974s] [100%] [32m[1mLinking CXX executable lidar_test[0m
[2.099s] [100%] Built target lidar_test
[2.108s] Invoked command in '/workspaces/docker-ros2-ydlidar-x4/build/ydlidar_sdk' returned '0': /usr/bin/cmake --build /workspaces/docker-ros2-ydlidar-x4/build/ydlidar_sdk -- -j16 -l16
[2.148s] Invoking command in '/workspaces/docker-ros2-ydlidar-x4/build/ydlidar_sdk': /usr/bin/cmake --install /workspaces/docker-ros2-ydlidar-x4/build/ydlidar_sdk
[2.154s] -- Install configuration: ""
[2.154s] -- Installing: /workspaces/docker-ros2-ydlidar-x4/install/ydlidar_sdk/include/core/base/datatype.h
[2.154s] -- Installing: /workspaces/docker-ros2-ydlidar-x4/install/ydlidar_sdk/include/core/base/locker.h
[2.154s] -- Installing: /workspaces/docker-ros2-ydlidar-x4/install/ydlidar_sdk/include/core/base/thread.h
[2.154s] -- Installing: /workspaces/docker-ros2-ydlidar-x4/install/ydlidar_sdk/include/core/base/timer.h
[2.154s] -- Installing: /workspaces/docker-ros2-ydlidar-x4/install/ydlidar_sdk/include/core/base/typedef.h
[2.155s] -- Installing: /workspaces/docker-ros2-ydlidar-x4/install/ydlidar_sdk/include/core/base/utils.h
[2.155s] -- Installing: /workspaces/docker-ros2-ydlidar-x4/install/ydlidar_sdk/include/core/base/v8stdint.h
[2.155s] -- Installing: /workspaces/docker-ros2-ydlidar-x4/install/ydlidar_sdk/include/core/base/ydlidar.h
[2.155s] -- Installing: /workspaces/docker-ros2-ydlidar-x4/install/ydlidar_sdk/include/core/common/ChannelDevice.h
[2.155s] -- Installing: /workspaces/docker-ros2-ydlidar-x4/install/ydlidar_sdk/include/core/common/DriverInterface.h
[2.155s] -- Installing: /workspaces/docker-ros2-ydlidar-x4/install/ydlidar_sdk/include/core/common/ydlidar_datatype.h
[2.155s] -- Installing: /workspaces/docker-ros2-ydlidar-x4/install/ydlidar_sdk/include/core/common/ydlidar_def.h
[2.155s] -- Installing: /workspaces/docker-ros2-ydlidar-x4/install/ydlidar_sdk/include/core/common/ydlidar_help.h
[2.155s] -- Installing: /workspaces/docker-ros2-ydlidar-x4/install/ydlidar_sdk/include/core/common/ydlidar_protocol.h
[2.155s] -- Installing: /workspaces/docker-ros2-ydlidar-x4/install/ydlidar_sdk/include/core/math/angles.h
[2.155s] -- Installing: /workspaces/docker-ros2-ydlidar-x4/install/ydlidar_sdk/include/core/network/ActiveSocket.h
[2.155s] -- Installing: /workspaces/docker-ros2-ydlidar-x4/install/ydlidar_sdk/include/core/network/PassiveSocket.h
[2.155s] -- Installing: /workspaces/docker-ros2-ydlidar-x4/install/ydlidar_sdk/include/core/network/SimpleSocket.h
[2.155s] -- Installing: /workspaces/docker-ros2-ydlidar-x4/install/ydlidar_sdk/include/core/network/StatTimer.h
[2.156s] -- Installing: /workspaces/docker-ros2-ydlidar-x4/install/ydlidar_sdk/include/core/serial/common.h
[2.156s] -- Installing: /workspaces/docker-ros2-ydlidar-x4/install/ydlidar_sdk/include/core/serial/serial.h
[2.156s] -- Installing: /workspaces/docker-ros2-ydlidar-x4/install/ydlidar_sdk/include/core/serial/impl/unix/lock.h
[2.156s] -- Installing: /workspaces/docker-ros2-ydlidar-x4/install/ydlidar_sdk/include/core/serial/impl/unix/unix.h
[2.156s] -- Installing: /workspaces/docker-ros2-ydlidar-x4/install/ydlidar_sdk/include/core/serial/impl/unix/unix_serial.h
[2.156s] -- Installing: /workspaces/docker-ros2-ydlidar-x4/install/ydlidar_sdk/include/src/CYdLidar.h
[2.156s] -- Installing: /workspaces/docker-ros2-ydlidar-x4/install/ydlidar_sdk/include/src/ETLidarDriver.h
[2.156s] -- Installing: /workspaces/docker-ros2-ydlidar-x4/install/ydlidar_sdk/include/src/ydlidar_driver.h
[2.156s] -- Installing: /workspaces/docker-ros2-ydlidar-x4/install/ydlidar_sdk/include/src/ydlidar_sdk.h
[2.156s] -- Installing: /workspaces/docker-ros2-ydlidar-x4/install/ydlidar_sdk/include/ydlidar_config.h
[2.157s] -- Installing: /workspaces/docker-ros2-ydlidar-x4/install/ydlidar_sdk/lib/libydlidar_sdk.a
[2.157s] -- Installing: /workspaces/docker-ros2-ydlidar-x4/install/ydlidar_sdk/lib/pkgconfig/YDLIDAR_SDK.pc
[2.157s] -- Installing: /workspaces/docker-ros2-ydlidar-x4/install/ydlidar_sdk/lib/cmake/ydlidar_sdk/ydlidar_sdkConfig.cmake
[2.157s] -- Installing: /workspaces/docker-ros2-ydlidar-x4/install/ydlidar_sdk/lib/cmake/ydlidar_sdk/ydlidar_sdkTargets.cmake
[2.158s] -- Installing: /workspaces/docker-ros2-ydlidar-x4/install/ydlidar_sdk/lib/cmake/ydlidar_sdk/ydlidar_sdkConfigVersion.cmake
[2.158s] -- Installing: /workspaces/docker-ros2-ydlidar-x4/install/ydlidar_sdk/share/YDLIDAR_SDK/FindYDLIDAR_SDK.cmake
[2.158s] -- Up-to-date: /workspaces/docker-ros2-ydlidar-x4/install/ydlidar_sdk/share/YDLIDAR_SDK
[2.158s] -- Installing: /workspaces/docker-ros2-ydlidar-x4/install/ydlidar_sdk/share/YDLIDAR_SDK/PackageConfigVersion.cmake.in
[2.158s] -- Installing: /workspaces/docker-ros2-ydlidar-x4/install/ydlidar_sdk/share/YDLIDAR_SDK/script_show_final_summary.cmake
[2.158s] -- Installing: /workspaces/docker-ros2-ydlidar-x4/install/ydlidar_sdk/share/YDLIDAR_SDK/cmake_uninstall.cmake.in
[2.158s] -- Installing: /workspaces/docker-ros2-ydlidar-x4/install/ydlidar_sdk/share/YDLIDAR_SDK/FindPackage.cmake.in
[2.158s] -- Installing: /workspaces/docker-ros2-ydlidar-x4/install/ydlidar_sdk/share/YDLIDAR_SDK/common
[2.158s] -- Installing: /workspaces/docker-ros2-ydlidar-x4/install/ydlidar_sdk/share/YDLIDAR_SDK/common/ydlidar_parse.cmake
[2.158s] -- Installing: /workspaces/docker-ros2-ydlidar-x4/install/ydlidar_sdk/share/YDLIDAR_SDK/common/ydlidar_base.cmake
[2.158s] -- Installing: /workspaces/docker-ros2-ydlidar-x4/install/ydlidar_sdk/share/YDLIDAR_SDK/PackageConfig.cmake.in
[2.158s] -- Installing: /workspaces/docker-ros2-ydlidar-x4/install/ydlidar_sdk/share/YDLIDAR_SDK/install_package.cmake
[2.158s] -- Installing: /workspaces/docker-ros2-ydlidar-x4/install/ydlidar_sdk/share/YDLIDAR_SDK/PkgConfig.pc.in
[2.158s] -- Installing: /workspaces/docker-ros2-ydlidar-x4/install/ydlidar_sdk/share/YDLIDAR_SDK/LICENSE.txt
[2.158s] -- Installing: /workspaces/docker-ros2-ydlidar-x4/install/ydlidar_sdk/share/YDLIDAR_SDK/README.md
[2.158s] -- Installing: /workspaces/docker-ros2-ydlidar-x4/install/ydlidar_sdk/share/YDLIDAR_SDK/doc
[2.159s] -- Installing: /workspaces/docker-ros2-ydlidar-x4/install/ydlidar_sdk/share/YDLIDAR_SDK/doc/SDK.pdf
[2.160s] -- Installing: /workspaces/docker-ros2-ydlidar-x4/install/ydlidar_sdk/share/YDLIDAR_SDK/doc/README.md
[2.160s] -- Installing: /workspaces/docker-ros2-ydlidar-x4/install/ydlidar_sdk/share/YDLIDAR_SDK/doc/Dataset.md
[2.160s] -- Installing: /workspaces/docker-ros2-ydlidar-x4/install/ydlidar_sdk/share/YDLIDAR_SDK/doc/quickstart
[2.160s] -- Installing: /workspaces/docker-ros2-ydlidar-x4/install/ydlidar_sdk/share/YDLIDAR_SDK/doc/quickstart/README.md
[2.160s] -- Installing: /workspaces/docker-ros2-ydlidar-x4/install/ydlidar_sdk/share/YDLIDAR_SDK/doc/quickstart/ydlidar_sdk_software_installation_guide.md
[2.160s] -- Installing: /workspaces/docker-ros2-ydlidar-x4/install/ydlidar_sdk/share/YDLIDAR_SDK/doc/YDLidar-SDK-Communication-Protocol.pdf
[2.160s] -- Installing: /workspaces/docker-ros2-ydlidar-x4/install/ydlidar_sdk/share/YDLIDAR_SDK/doc/YDLidar-SDK-Communication-Protocol.html
[2.160s] -- Installing: /workspaces/docker-ros2-ydlidar-x4/install/ydlidar_sdk/share/YDLIDAR_SDK/doc/images
[2.160s] -- Installing: /workspaces/docker-ros2-ydlidar-x4/install/ydlidar_sdk/share/YDLIDAR_SDK/doc/images/frame_intensity.png
[2.160s] -- Installing: /workspaces/docker-ros2-ydlidar-x4/install/ydlidar_sdk/share/YDLIDAR_SDK/doc/images/YDLidar.png
[2.160s] -- Installing: /workspaces/docker-ros2-ydlidar-x4/install/ydlidar_sdk/share/YDLIDAR_SDK/doc/images/communication_mechanism.png
[2.161s] -- Installing: /workspaces/docker-ros2-ydlidar-x4/install/ydlidar_sdk/share/YDLIDAR_SDK/doc/images/sdk_init.png
[2.161s] -- Installing: /workspaces/docker-ros2-ydlidar-x4/install/ydlidar_sdk/share/YDLIDAR_SDK/doc/images/EAI.png
[2.161s] -- Installing: /workspaces/docker-ros2-ydlidar-x4/install/ydlidar_sdk/share/YDLIDAR_SDK/doc/images/YDLidar.jpg
[2.161s] -- Installing: /workspaces/docker-ros2-ydlidar-x4/install/ydlidar_sdk/share/YDLIDAR_SDK/doc/images/sdk_architecture.png
[2.161s] -- Installing: /workspaces/docker-ros2-ydlidar-x4/install/ydlidar_sdk/share/YDLIDAR_SDK/doc/images/system_workflow.png
[2.161s] -- Installing: /workspaces/docker-ros2-ydlidar-x4/install/ydlidar_sdk/share/YDLIDAR_SDK/doc/images/sdk_scanning.png
[2.161s] -- Installing: /workspaces/docker-ros2-ydlidar-x4/install/ydlidar_sdk/share/YDLIDAR_SDK/doc/images/angle_q2.png
[2.161s] -- Installing: /workspaces/docker-ros2-ydlidar-x4/install/ydlidar_sdk/share/YDLIDAR_SDK/doc/images/sequence.png
[2.162s] -- Installing: /workspaces/docker-ros2-ydlidar-x4/install/ydlidar_sdk/share/YDLIDAR_SDK/doc/images/frame.png
[2.162s] -- Installing: /workspaces/docker-ros2-ydlidar-x4/install/ydlidar_sdk/share/YDLIDAR_SDK/doc/images/FlowChart.png
[2.162s] -- Installing: /workspaces/docker-ros2-ydlidar-x4/install/ydlidar_sdk/share/YDLIDAR_SDK/doc/howto
[2.162s] -- Installing: /workspaces/docker-ros2-ydlidar-x4/install/ydlidar_sdk/share/YDLIDAR_SDK/doc/howto/README.md
[2.162s] -- Installing: /workspaces/docker-ros2-ydlidar-x4/install/ydlidar_sdk/share/YDLIDAR_SDK/doc/howto/how_to_create_a_csharp_project.md
[2.162s] -- Installing: /workspaces/docker-ros2-ydlidar-x4/install/ydlidar_sdk/share/YDLIDAR_SDK/doc/howto/how_to_gerenrate_vs_project_by_cmake.md
[2.162s] -- Installing: /workspaces/docker-ros2-ydlidar-x4/install/ydlidar_sdk/share/YDLIDAR_SDK/doc/howto/how_to_create_a_udev_rules.md
[2.162s] -- Installing: /workspaces/docker-ros2-ydlidar-x4/install/ydlidar_sdk/share/YDLIDAR_SDK/doc/howto/how_to_build_and_install.md
[2.162s] -- Installing: /workspaces/docker-ros2-ydlidar-x4/install/ydlidar_sdk/share/YDLIDAR_SDK/doc/howto/images
[2.162s] -- Installing: /workspaces/docker-ros2-ydlidar-x4/install/ydlidar_sdk/share/YDLIDAR_SDK/doc/howto/images/ydlidar_lidar_monitor.png
[2.162s] -- Installing: /workspaces/docker-ros2-ydlidar-x4/install/ydlidar_sdk/share/YDLIDAR_SDK/doc/howto/images/csharp_project.png
[2.162s] -- Installing: /workspaces/docker-ros2-ydlidar-x4/install/ydlidar_sdk/share/YDLIDAR_SDK/doc/howto/images/ttyUSB1.png
[2.162s] -- Installing: /workspaces/docker-ros2-ydlidar-x4/install/ydlidar_sdk/share/YDLIDAR_SDK/doc/howto/images/sdk_init.png
[2.162s] -- Installing: /workspaces/docker-ros2-ydlidar-x4/install/ydlidar_sdk/share/YDLIDAR_SDK/doc/howto/images/csharp_running.png
[2.163s] -- Installing: /workspaces/docker-ros2-ydlidar-x4/install/ydlidar_sdk/share/YDLIDAR_SDK/doc/howto/images/ttyUSB0.png
[2.163s] -- Installing: /workspaces/docker-ros2-ydlidar-x4/install/ydlidar_sdk/share/YDLIDAR_SDK/doc/howto/images/sdk_scanning.png
[2.163s] -- Installing: /workspaces/docker-ros2-ydlidar-x4/install/ydlidar_sdk/share/YDLIDAR_SDK/doc/howto/images/sequence.png
[2.163s] -- Installing: /workspaces/docker-ros2-ydlidar-x4/install/ydlidar_sdk/share/YDLIDAR_SDK/doc/howto/images/csharp_build.png
[2.163s] -- Installing: /workspaces/docker-ros2-ydlidar-x4/install/ydlidar_sdk/share/YDLIDAR_SDK/doc/howto/images/csharp_exception.png
[2.163s] -- Installing: /workspaces/docker-ros2-ydlidar-x4/install/ydlidar_sdk/share/YDLIDAR_SDK/doc/howto/images/cpack.png
[2.163s] -- Installing: /workspaces/docker-ros2-ydlidar-x4/install/ydlidar_sdk/share/YDLIDAR_SDK/doc/howto/images/vscode
[2.163s] -- Installing: /workspaces/docker-ros2-ydlidar-x4/install/ydlidar_sdk/share/YDLIDAR_SDK/doc/howto/images/vscode/run_tasks.jpg
[2.164s] -- Installing: /workspaces/docker-ros2-ydlidar-x4/install/ydlidar_sdk/share/YDLIDAR_SDK/doc/howto/images/vscode/tasks.png
[2.164s] -- Installing: /workspaces/docker-ros2-ydlidar-x4/install/ydlidar_sdk/share/YDLIDAR_SDK/doc/howto/images/csharp_library.png
[2.164s] -- Installing: /workspaces/docker-ros2-ydlidar-x4/install/ydlidar_sdk/share/YDLIDAR_SDK/doc/howto/how_to_build_and_debug_using_vscode.md
[2.164s] -- Installing: /workspaces/docker-ros2-ydlidar-x4/install/ydlidar_sdk/share/YDLIDAR_SDK/doc/howto/how_to_create_a_pull.md
[2.164s] -- Installing: /workspaces/docker-ros2-ydlidar-x4/install/ydlidar_sdk/share/YDLIDAR_SDK/doc/howto/how_to_solve_slow_pull_from_cn.md
[2.165s] -- Installing: /workspaces/docker-ros2-ydlidar-x4/install/ydlidar_sdk/share/YDLIDAR_SDK/doc/FAQs
[2.165s] -- Installing: /workspaces/docker-ros2-ydlidar-x4/install/ydlidar_sdk/share/YDLIDAR_SDK/doc/FAQs/README.md
[2.165s] -- Installing: /workspaces/docker-ros2-ydlidar-x4/install/ydlidar_sdk/share/YDLIDAR_SDK/doc/FAQs/Hardware_FAQs_cn.md
[2.165s] -- Installing: /workspaces/docker-ros2-ydlidar-x4/install/ydlidar_sdk/share/YDLIDAR_SDK/doc/FAQs/Software_FAQs_cn.md
[2.165s] -- Installing: /workspaces/docker-ros2-ydlidar-x4/install/ydlidar_sdk/share/YDLIDAR_SDK/doc/FAQs/Software_FAQs.md
[2.165s] -- Installing: /workspaces/docker-ros2-ydlidar-x4/install/ydlidar_sdk/share/YDLIDAR_SDK/doc/FAQs/General_FAQs.md
[2.165s] -- Installing: /workspaces/docker-ros2-ydlidar-x4/install/ydlidar_sdk/share/YDLIDAR_SDK/doc/FAQs/General_FAQs_cn.md
[2.165s] -- Installing: /workspaces/docker-ros2-ydlidar-x4/install/ydlidar_sdk/share/YDLIDAR_SDK/doc/FAQs/Hardware_FAQs.md
[2.165s] -- Installing: /workspaces/docker-ros2-ydlidar-x4/install/ydlidar_sdk/share/YDLIDAR_SDK/doc/tutorials
[2.165s] -- Installing: /workspaces/docker-ros2-ydlidar-x4/install/ydlidar_sdk/share/YDLIDAR_SDK/doc/tutorials/writing_lidar_tutorial_python.md
[2.165s] -- Installing: /workspaces/docker-ros2-ydlidar-x4/install/ydlidar_sdk/share/YDLIDAR_SDK/doc/tutorials/writing_lidar_network_adapter_tutorial_c++.md
[2.166s] -- Installing: /workspaces/docker-ros2-ydlidar-x4/install/ydlidar_sdk/share/YDLIDAR_SDK/doc/tutorials/writing_lidar_tutorial_c.md
[2.166s] -- Installing: /workspaces/docker-ros2-ydlidar-x4/install/ydlidar_sdk/share/YDLIDAR_SDK/doc/tutorials/writing_lidar_tutorial_c++.md
[2.166s] -- Installing: /workspaces/docker-ros2-ydlidar-x4/install/ydlidar_sdk/share/YDLIDAR_SDK/doc/tutorials/examine_the_simple_lidar_tutorial.md
[2.166s] -- Installing: /workspaces/docker-ros2-ydlidar-x4/install/ydlidar_sdk/share/YDLIDAR_SDK/doc/YDLidar_SDK_Communication_Protocol.pdf
[2.166s] -- Installing: /workspaces/docker-ros2-ydlidar-x4/install/ydlidar_sdk/share/YDLIDAR_SDK/doc/YDLidar-SDK-Communication-Protocol.md
[2.166s] -- Installing: /workspaces/docker-ros2-ydlidar-x4/install/ydlidar_sdk/share/YDLIDAR_SDK/doc/Tutorials.md
[2.166s] -- Installing: /workspaces/docker-ros2-ydlidar-x4/install/ydlidar_sdk/share/YDLIDAR_SDK/doc/Diagram.md
[2.166s] -- Installing: /workspaces/docker-ros2-ydlidar-x4/install/ydlidar_sdk/share/YDLIDAR_SDK/doc/YDLIDAR_SDK_API_for_Developers.md
[2.166s] -- Installing: /workspaces/docker-ros2-ydlidar-x4/install/ydlidar_sdk/startup/initenv.sh
[2.167s] -- Installing: /workspaces/docker-ros2-ydlidar-x4/install/ydlidar_sdk/bin/etlidar_test
[2.167s] -- Installing: /workspaces/docker-ros2-ydlidar-x4/install/ydlidar_sdk/bin/tof_test
[2.168s] -- Installing: /workspaces/docker-ros2-ydlidar-x4/install/ydlidar_sdk/bin/ydlidar_test
[2.168s] -- Installing: /workspaces/docker-ros2-ydlidar-x4/install/ydlidar_sdk/bin/lidar_c_api_test
[2.171s] Invoked command in '/workspaces/docker-ros2-ydlidar-x4/build/ydlidar_sdk' returned '0': /usr/bin/cmake --install /workspaces/docker-ros2-ydlidar-x4/build/ydlidar_sdk
