[0.176s] DEBUG:colcon:Command line arguments: ['/usr/bin/colcon', 'build', '--symlink-install']
[0.176s] DEBUG:colcon:Parsed command line arguments: Namespace(ament_cmake_args=None, base_paths=['.'], build_base='build', catkin_cmake_args=None, catkin_skip_building_tests=False, cmake_args=None, cmake_clean_cache=False, cmake_clean_first=False, cmake_force_configure=False, cmake_target=None, cmake_target_skip_unavailable=False, continue_on_error=False, event_handlers=None, executor='parallel', ignore_user_meta=False, install_base='install', log_base=None, log_level=None, main=<bound method BuildVerb.main of <colcon_core.verb.build.BuildVerb object at 0x7f29d91ec5b0>>, merge_install=False, metas=['./colcon.meta'], packages_above=None, packages_above_and_dependencies=None, packages_above_depth=None, packages_end=None, packages_ignore=None, packages_ignore_regex=None, packages_select=None, packages_select_build_failed=False, packages_select_by_dep=None, packages_select_regex=None, packages_select_test_failures=False, packages_skip=None, packages_skip_build_finished=False, packages_skip_by_dep=None, packages_skip_regex=None, packages_skip_test_passed=False, packages_skip_up_to=None, packages_start=None, packages_up_to=None, packages_up_to_regex=None, parallel_workers=16, paths=None, symlink_install=True, test_result_base=None, verb_extension=<colcon_core.verb.build.BuildVerb object at 0x7f29d91ec5b0>, verb_name='build', verb_parser=<colcon_defaults.argument_parser.defaults.DefaultArgumentsDecorator object at 0x7f29d91ecaf0>)
[0.180s] Level 1:colcon.colcon_core.package_discovery:discover_packages(colcon_meta) check parameters
[0.180s] Level 1:colcon.colcon_core.package_discovery:discover_packages(recursive) check parameters
[0.180s] Level 1:colcon.colcon_core.package_discovery:discover_packages(ignore) check parameters
[0.180s] Level 1:colcon.colcon_core.package_discovery:discover_packages(path) check parameters
[0.180s] Level 1:colcon.colcon_core.package_discovery:discover_packages(colcon_meta) discover
[0.180s] Level 1:colcon.colcon_core.package_discovery:discover_packages(recursive) discover
[0.181s] INFO:colcon.colcon_core.package_discovery:Crawling recursively for packages in '/workspaces/docker-ros2-ydlidar-x4'
[0.181s] Level 1:colcon.colcon_core.package_identification:_identify(.) by extensions ['ignore', 'ignore_ament_install']
[0.181s] Level 1:colcon.colcon_core.package_identification:_identify(.) by extension 'ignore'
[0.181s] Level 1:colcon.colcon_core.package_identification:_identify(.) by extension 'ignore_ament_install'
[0.181s] Level 1:colcon.colcon_core.package_identification:_identify(.) by extensions ['colcon_pkg']
[0.181s] Level 1:colcon.colcon_core.package_identification:_identify(.) by extension 'colcon_pkg'
[0.181s] Level 1:colcon.colcon_core.package_identification:_identify(.) by extensions ['colcon_meta']
[0.181s] Level 1:colcon.colcon_core.package_identification:_identify(.) by extension 'colcon_meta'
[0.181s] Level 1:colcon.colcon_core.package_identification:_identify(.) by extensions ['ros']
[0.181s] Level 1:colcon.colcon_core.package_identification:_identify(.) by extension 'ros'
[0.189s] Level 1:colcon.colcon_core.package_identification:_identify(.) by extensions ['cmake', 'python']
[0.189s] Level 1:colcon.colcon_core.package_identification:_identify(.) by extension 'cmake'
[0.189s] Level 1:colcon.colcon_core.package_identification:_identify(.) by extension 'python'
[0.189s] Level 1:colcon.colcon_core.package_identification:_identify(.) by extensions ['python_setup_py']
[0.189s] Level 1:colcon.colcon_core.package_identification:_identify(.) by extension 'python_setup_py'
[0.189s] Level 1:colcon.colcon_core.package_identification:_identify(YDLidar-SDK) by extensions ['ignore', 'ignore_ament_install']
[0.189s] Level 1:colcon.colcon_core.package_identification:_identify(YDLidar-SDK) by extension 'ignore'
[0.189s] Level 1:colcon.colcon_core.package_identification:_identify(YDLidar-SDK) by extension 'ignore_ament_install'
[0.189s] Level 1:colcon.colcon_core.package_identification:_identify(YDLidar-SDK) by extensions ['colcon_pkg']
[0.189s] Level 1:colcon.colcon_core.package_identification:_identify(YDLidar-SDK) by extension 'colcon_pkg'
[0.190s] Level 1:colcon.colcon_core.package_identification:_identify(YDLidar-SDK) by extensions ['colcon_meta']
[0.190s] Level 1:colcon.colcon_core.package_identification:_identify(YDLidar-SDK) by extension 'colcon_meta'
[0.190s] Level 1:colcon.colcon_core.package_identification:_identify(YDLidar-SDK) by extensions ['ros']
[0.190s] Level 1:colcon.colcon_core.package_identification:_identify(YDLidar-SDK) by extension 'ros'
[0.190s] Level 1:colcon.colcon_core.package_identification:_identify(YDLidar-SDK) by extensions ['cmake', 'python']
[0.190s] Level 1:colcon.colcon_core.package_identification:_identify(YDLidar-SDK) by extension 'cmake'
[0.202s] Level 1:colcon.colcon_core.package_identification:_identify(YDLidar-SDK) by extension 'python'
[0.202s] DEBUG:colcon.colcon_core.package_identification:Package 'YDLidar-SDK' with type 'cmake' and name 'ydlidar_sdk'
[0.202s] Level 1:colcon.colcon_core.package_identification:_identify(build) by extensions ['ignore', 'ignore_ament_install']
[0.202s] Level 1:colcon.colcon_core.package_identification:_identify(build) by extension 'ignore'
[0.202s] Level 1:colcon.colcon_core.package_identification:_identify(build) ignored
[0.202s] Level 1:colcon.colcon_core.package_identification:_identify(install) by extensions ['ignore', 'ignore_ament_install']
[0.202s] Level 1:colcon.colcon_core.package_identification:_identify(install) by extension 'ignore'
[0.202s] Level 1:colcon.colcon_core.package_identification:_identify(install) ignored
[0.202s] Level 1:colcon.colcon_core.package_identification:_identify(log) by extensions ['ignore', 'ignore_ament_install']
[0.202s] Level 1:colcon.colcon_core.package_identification:_identify(log) by extension 'ignore'
[0.202s] Level 1:colcon.colcon_core.package_identification:_identify(log) ignored
[0.202s] Level 1:colcon.colcon_core.package_identification:_identify(src) by extensions ['ignore', 'ignore_ament_install']
[0.203s] Level 1:colcon.colcon_core.package_identification:_identify(src) by extension 'ignore'
[0.203s] Level 1:colcon.colcon_core.package_identification:_identify(src) by extension 'ignore_ament_install'
[0.203s] Level 1:colcon.colcon_core.package_identification:_identify(src) by extensions ['colcon_pkg']
[0.203s] Level 1:colcon.colcon_core.package_identification:_identify(src) by extension 'colcon_pkg'
[0.203s] Level 1:colcon.colcon_core.package_identification:_identify(src) by extensions ['colcon_meta']
[0.203s] Level 1:colcon.colcon_core.package_identification:_identify(src) by extension 'colcon_meta'
[0.203s] Level 1:colcon.colcon_core.package_identification:_identify(src) by extensions ['ros']
[0.203s] Level 1:colcon.colcon_core.package_identification:_identify(src) by extension 'ros'
[0.203s] Level 1:colcon.colcon_core.package_identification:_identify(src) by extensions ['cmake', 'python']
[0.203s] Level 1:colcon.colcon_core.package_identification:_identify(src) by extension 'cmake'
[0.203s] Level 1:colcon.colcon_core.package_identification:_identify(src) by extension 'python'
[0.203s] Level 1:colcon.colcon_core.package_identification:_identify(src) by extensions ['python_setup_py']
[0.203s] Level 1:colcon.colcon_core.package_identification:_identify(src) by extension 'python_setup_py'
[0.203s] Level 1:colcon.colcon_core.package_identification:_identify(src/ydlidar_ros2_driver) by extensions ['ignore', 'ignore_ament_install']
[0.203s] Level 1:colcon.colcon_core.package_identification:_identify(src/ydlidar_ros2_driver) by extension 'ignore'
[0.203s] Level 1:colcon.colcon_core.package_identification:_identify(src/ydlidar_ros2_driver) by extension 'ignore_ament_install'
[0.203s] Level 1:colcon.colcon_core.package_identification:_identify(src/ydlidar_ros2_driver) by extensions ['colcon_pkg']
[0.203s] Level 1:colcon.colcon_core.package_identification:_identify(src/ydlidar_ros2_driver) by extension 'colcon_pkg'
[0.203s] Level 1:colcon.colcon_core.package_identification:_identify(src/ydlidar_ros2_driver) by extensions ['colcon_meta']
[0.203s] Level 1:colcon.colcon_core.package_identification:_identify(src/ydlidar_ros2_driver) by extension 'colcon_meta'
[0.203s] Level 1:colcon.colcon_core.package_identification:_identify(src/ydlidar_ros2_driver) by extensions ['ros']
[0.203s] Level 1:colcon.colcon_core.package_identification:_identify(src/ydlidar_ros2_driver) by extension 'ros'
[0.205s] DEBUG:colcon.colcon_core.package_identification:Package 'src/ydlidar_ros2_driver' with type 'ros.ament_cmake' and name 'ydlidar_ros2_driver'
[0.205s] Level 1:colcon.colcon_core.package_discovery:discover_packages(recursive) using defaults
[0.205s] Level 1:colcon.colcon_core.package_discovery:discover_packages(ignore) discover
[0.205s] Level 1:colcon.colcon_core.package_discovery:discover_packages(ignore) using defaults
[0.205s] Level 1:colcon.colcon_core.package_discovery:discover_packages(path) discover
[0.205s] Level 1:colcon.colcon_core.package_discovery:discover_packages(path) using defaults
[0.219s] Level 5:colcon.colcon_core.verb:set package 'ydlidar_ros2_driver' build argument 'cmake_args' from command line to 'None'
[0.219s] Level 5:colcon.colcon_core.verb:set package 'ydlidar_ros2_driver' build argument 'cmake_target' from command line to 'None'
[0.219s] Level 5:colcon.colcon_core.verb:set package 'ydlidar_ros2_driver' build argument 'cmake_target_skip_unavailable' from command line to 'False'
[0.219s] Level 5:colcon.colcon_core.verb:set package 'ydlidar_ros2_driver' build argument 'cmake_clean_cache' from command line to 'False'
[0.219s] Level 5:colcon.colcon_core.verb:set package 'ydlidar_ros2_driver' build argument 'cmake_clean_first' from command line to 'False'
[0.219s] Level 5:colcon.colcon_core.verb:set package 'ydlidar_ros2_driver' build argument 'cmake_force_configure' from command line to 'False'
[0.219s] Level 5:colcon.colcon_core.verb:set package 'ydlidar_ros2_driver' build argument 'ament_cmake_args' from command line to 'None'
[0.219s] Level 5:colcon.colcon_core.verb:set package 'ydlidar_ros2_driver' build argument 'catkin_cmake_args' from command line to 'None'
[0.219s] Level 5:colcon.colcon_core.verb:set package 'ydlidar_ros2_driver' build argument 'catkin_skip_building_tests' from command line to 'False'
[0.219s] DEBUG:colcon.colcon_core.verb:Building package 'ydlidar_ros2_driver' with the following arguments: {'ament_cmake_args': None, 'build_base': '/workspaces/docker-ros2-ydlidar-x4/build/ydlidar_ros2_driver', 'catkin_cmake_args': None, 'catkin_skip_building_tests': False, 'cmake_args': None, 'cmake_clean_cache': False, 'cmake_clean_first': False, 'cmake_force_configure': False, 'cmake_target': None, 'cmake_target_skip_unavailable': False, 'install_base': '/workspaces/docker-ros2-ydlidar-x4/install/ydlidar_ros2_driver', 'merge_install': False, 'path': '/workspaces/docker-ros2-ydlidar-x4/src/ydlidar_ros2_driver', 'symlink_install': True, 'test_result_base': None}
[0.221s] Level 5:colcon.colcon_core.verb:set package 'ydlidar_sdk' build argument 'cmake_args' from command line to 'None'
[0.221s] Level 5:colcon.colcon_core.verb:set package 'ydlidar_sdk' build argument 'cmake_target' from command line to 'None'
[0.221s] Level 5:colcon.colcon_core.verb:set package 'ydlidar_sdk' build argument 'cmake_target_skip_unavailable' from command line to 'False'
[0.221s] Level 5:colcon.colcon_core.verb:set package 'ydlidar_sdk' build argument 'cmake_clean_cache' from command line to 'False'
[0.221s] Level 5:colcon.colcon_core.verb:set package 'ydlidar_sdk' build argument 'cmake_clean_first' from command line to 'False'
[0.221s] Level 5:colcon.colcon_core.verb:set package 'ydlidar_sdk' build argument 'cmake_force_configure' from command line to 'False'
[0.221s] Level 5:colcon.colcon_core.verb:set package 'ydlidar_sdk' build argument 'ament_cmake_args' from command line to 'None'
[0.221s] Level 5:colcon.colcon_core.verb:set package 'ydlidar_sdk' build argument 'catkin_cmake_args' from command line to 'None'
[0.221s] Level 5:colcon.colcon_core.verb:set package 'ydlidar_sdk' build argument 'catkin_skip_building_tests' from command line to 'False'
[0.221s] DEBUG:colcon.colcon_core.verb:Building package 'ydlidar_sdk' with the following arguments: {'ament_cmake_args': None, 'build_base': '/workspaces/docker-ros2-ydlidar-x4/build/ydlidar_sdk', 'catkin_cmake_args': None, 'catkin_skip_building_tests': False, 'cmake_args': None, 'cmake_clean_cache': False, 'cmake_clean_first': False, 'cmake_force_configure': False, 'cmake_target': None, 'cmake_target_skip_unavailable': False, 'install_base': '/workspaces/docker-ros2-ydlidar-x4/install/ydlidar_sdk', 'merge_install': False, 'path': '/workspaces/docker-ros2-ydlidar-x4/YDLidar-SDK', 'symlink_install': True, 'test_result_base': None}
[0.221s] INFO:colcon.colcon_core.executor:Executing jobs using 'parallel' executor
[0.223s] DEBUG:colcon.colcon_parallel_executor.executor.parallel:run_until_complete
[0.223s] INFO:colcon.colcon_ros.task.ament_cmake.build:Building ROS package in '/workspaces/docker-ros2-ydlidar-x4/src/ydlidar_ros2_driver' with build type 'ament_cmake'
[0.223s] INFO:colcon.colcon_cmake.task.cmake.build:Building CMake package in '/workspaces/docker-ros2-ydlidar-x4/src/ydlidar_ros2_driver'
[0.226s] INFO:colcon.colcon_core.plugin_system:Skipping extension 'colcon_core.shell.bat': Not used on non-Windows systems
[0.226s] INFO:colcon.colcon_core.shell:Skip shell extension 'powershell' for command environment: Not usable outside of PowerShell
[0.226s] DEBUG:colcon.colcon_core.shell:Skip shell extension 'dsv' for command environment
[0.228s] DEBUG:colcon.colcon_core.shell:Ignoring prefix path '/opt/ros/foxy'
[0.229s] INFO:colcon.colcon_cmake.task.cmake.build:Building CMake package in '/workspaces/docker-ros2-ydlidar-x4/YDLidar-SDK'
[0.230s] INFO:colcon.colcon_core.shell:Skip shell extension 'powershell' for command environment: Not usable outside of PowerShell
[0.230s] DEBUG:colcon.colcon_core.shell:Skip shell extension 'dsv' for command environment
[0.231s] DEBUG:colcon.colcon_core.shell:Ignoring prefix path '/opt/ros/foxy'
[0.235s] DEBUG:colcon.colcon_core.event_handler.log_command:Invoking command in '/workspaces/docker-ros2-ydlidar-x4/build/ydlidar_ros2_driver': CMAKE_PREFIX_PATH=/opt/ros/foxy /usr/bin/cmake /workspaces/docker-ros2-ydlidar-x4/src/ydlidar_ros2_driver -DAMENT_CMAKE_SYMLINK_INSTALL=1 -DCMAKE_INSTALL_PREFIX=/workspaces/docker-ros2-ydlidar-x4/install/ydlidar_ros2_driver
[0.240s] DEBUG:colcon.colcon_core.event_handler.log_command:Invoking command in '/workspaces/docker-ros2-ydlidar-x4/build/ydlidar_sdk': /usr/bin/cmake /workspaces/docker-ros2-ydlidar-x4/YDLidar-SDK -DCMAKE_INSTALL_PREFIX=/workspaces/docker-ros2-ydlidar-x4/install/ydlidar_sdk
[0.826s] DEBUG:colcon.colcon_core.event_handler.log_command:Invoked command in '/workspaces/docker-ros2-ydlidar-x4/build/ydlidar_sdk' returned '0': /usr/bin/cmake /workspaces/docker-ros2-ydlidar-x4/YDLidar-SDK -DCMAKE_INSTALL_PREFIX=/workspaces/docker-ros2-ydlidar-x4/install/ydlidar_sdk
[0.827s] DEBUG:colcon.colcon_core.event_handler.log_command:Invoking command in '/workspaces/docker-ros2-ydlidar-x4/build/ydlidar_sdk': /usr/bin/cmake --build /workspaces/docker-ros2-ydlidar-x4/build/ydlidar_sdk -- -j16 -l16
[1.474s] DEBUG:colcon.colcon_core.event_handler.log_command:Invoked command in '/workspaces/docker-ros2-ydlidar-x4/build/ydlidar_ros2_driver' returned '0': CMAKE_PREFIX_PATH=/opt/ros/foxy /usr/bin/cmake /workspaces/docker-ros2-ydlidar-x4/src/ydlidar_ros2_driver -DAMENT_CMAKE_SYMLINK_INSTALL=1 -DCMAKE_INSTALL_PREFIX=/workspaces/docker-ros2-ydlidar-x4/install/ydlidar_ros2_driver
[1.475s] DEBUG:colcon.colcon_core.event_handler.log_command:Invoking command in '/workspaces/docker-ros2-ydlidar-x4/build/ydlidar_ros2_driver': CMAKE_PREFIX_PATH=/opt/ros/foxy /usr/bin/cmake --build /workspaces/docker-ros2-ydlidar-x4/build/ydlidar_ros2_driver -- -j16 -l16
[2.339s] DEBUG:colcon.colcon_core.event_handler.log_command:Invoked command in '/workspaces/docker-ros2-ydlidar-x4/build/ydlidar_sdk' returned '0': /usr/bin/cmake --build /workspaces/docker-ros2-ydlidar-x4/build/ydlidar_sdk -- -j16 -l16
[2.379s] DEBUG:colcon.colcon_core.event_handler.log_command:Invoking command in '/workspaces/docker-ros2-ydlidar-x4/build/ydlidar_sdk': /usr/bin/cmake --install /workspaces/docker-ros2-ydlidar-x4/build/ydlidar_sdk
[2.401s] Level 1:colcon.colcon_core.environment:create_environment_scripts_only(ydlidar_sdk)
[2.402s] DEBUG:colcon.colcon_core.event_handler.log_command:Invoked command in '/workspaces/docker-ros2-ydlidar-x4/build/ydlidar_sdk' returned '0': /usr/bin/cmake --install /workspaces/docker-ros2-ydlidar-x4/build/ydlidar_sdk
[2.405s] Level 1:colcon.colcon_core.environment:checking '/workspaces/docker-ros2-ydlidar-x4/install/ydlidar_sdk' for CMake module files
[2.406s] Level 1:colcon.colcon_core.environment:checking '/workspaces/docker-ros2-ydlidar-x4/install/ydlidar_sdk' for CMake config files
[2.406s] Level 1:colcon.colcon_core.shell:create_environment_hook('ydlidar_sdk', 'cmake_prefix_path')
[2.406s] INFO:colcon.colcon_core.shell:Creating environment hook '/workspaces/docker-ros2-ydlidar-x4/install/ydlidar_sdk/share/ydlidar_sdk/hook/cmake_prefix_path.ps1'
[2.407s] INFO:colcon.colcon_core.shell:Creating environment descriptor '/workspaces/docker-ros2-ydlidar-x4/install/ydlidar_sdk/share/ydlidar_sdk/hook/cmake_prefix_path.dsv'
[2.407s] INFO:colcon.colcon_core.shell:Creating environment hook '/workspaces/docker-ros2-ydlidar-x4/install/ydlidar_sdk/share/ydlidar_sdk/hook/cmake_prefix_path.sh'
[2.408s] Level 1:colcon.colcon_core.environment:checking '/workspaces/docker-ros2-ydlidar-x4/install/ydlidar_sdk/lib'
[2.408s] Level 1:colcon.colcon_core.environment:checking '/workspaces/docker-ros2-ydlidar-x4/install/ydlidar_sdk/bin'
[2.408s] Level 1:colcon.colcon_core.shell:create_environment_hook('ydlidar_sdk', 'path')
[2.408s] INFO:colcon.colcon_core.shell:Creating environment hook '/workspaces/docker-ros2-ydlidar-x4/install/ydlidar_sdk/share/ydlidar_sdk/hook/path.ps1'
[2.409s] INFO:colcon.colcon_core.shell:Creating environment descriptor '/workspaces/docker-ros2-ydlidar-x4/install/ydlidar_sdk/share/ydlidar_sdk/hook/path.dsv'
[2.409s] INFO:colcon.colcon_core.shell:Creating environment hook '/workspaces/docker-ros2-ydlidar-x4/install/ydlidar_sdk/share/ydlidar_sdk/hook/path.sh'
[2.409s] Level 1:colcon.colcon_core.environment:checking '/workspaces/docker-ros2-ydlidar-x4/install/ydlidar_sdk/lib/pkgconfig/ydlidar_sdk.pc'
[2.409s] Level 1:colcon.colcon_core.environment:checking '/workspaces/docker-ros2-ydlidar-x4/install/ydlidar_sdk/lib/python3.8/site-packages'
[2.409s] INFO:colcon.colcon_core.shell:Creating package script '/workspaces/docker-ros2-ydlidar-x4/install/ydlidar_sdk/share/ydlidar_sdk/package.ps1'
[2.410s] INFO:colcon.colcon_core.shell:Creating package descriptor '/workspaces/docker-ros2-ydlidar-x4/install/ydlidar_sdk/share/ydlidar_sdk/package.dsv'
[2.410s] INFO:colcon.colcon_core.shell:Creating package script '/workspaces/docker-ros2-ydlidar-x4/install/ydlidar_sdk/share/ydlidar_sdk/package.sh'
[2.411s] INFO:colcon.colcon_core.shell:Creating package script '/workspaces/docker-ros2-ydlidar-x4/install/ydlidar_sdk/share/ydlidar_sdk/package.bash'
[2.411s] INFO:colcon.colcon_core.shell:Creating package script '/workspaces/docker-ros2-ydlidar-x4/install/ydlidar_sdk/share/ydlidar_sdk/package.zsh'
[2.412s] Level 1:colcon.colcon_core.environment:create_file_with_runtime_dependencies(/workspaces/docker-ros2-ydlidar-x4/install/ydlidar_sdk/share/colcon-core/packages/ydlidar_sdk)
[5.031s] DEBUG:colcon.colcon_core.event_handler.log_command:Invoked command in '/workspaces/docker-ros2-ydlidar-x4/build/ydlidar_ros2_driver' returned '0': CMAKE_PREFIX_PATH=/opt/ros/foxy /usr/bin/cmake --build /workspaces/docker-ros2-ydlidar-x4/build/ydlidar_ros2_driver -- -j16 -l16
[5.049s] DEBUG:colcon.colcon_core.event_handler.log_command:Invoking command in '/workspaces/docker-ros2-ydlidar-x4/build/ydlidar_ros2_driver': CMAKE_PREFIX_PATH=/opt/ros/foxy /usr/bin/cmake --install /workspaces/docker-ros2-ydlidar-x4/build/ydlidar_ros2_driver
[5.192s] Level 1:colcon.colcon_core.environment:create_environment_scripts_only(ydlidar_ros2_driver)
[5.193s] Level 1:colcon.colcon_core.environment:checking '/workspaces/docker-ros2-ydlidar-x4/install/ydlidar_ros2_driver' for CMake module files
[5.193s] DEBUG:colcon.colcon_core.event_handler.log_command:Invoked command in '/workspaces/docker-ros2-ydlidar-x4/build/ydlidar_ros2_driver' returned '0': CMAKE_PREFIX_PATH=/opt/ros/foxy /usr/bin/cmake --install /workspaces/docker-ros2-ydlidar-x4/build/ydlidar_ros2_driver
[5.193s] Level 1:colcon.colcon_core.environment:checking '/workspaces/docker-ros2-ydlidar-x4/install/ydlidar_ros2_driver' for CMake config files
[5.193s] Level 1:colcon.colcon_core.shell:create_environment_hook('ydlidar_ros2_driver', 'cmake_prefix_path')
[5.194s] INFO:colcon.colcon_core.shell:Creating environment hook '/workspaces/docker-ros2-ydlidar-x4/install/ydlidar_ros2_driver/share/ydlidar_ros2_driver/hook/cmake_prefix_path.ps1'
[5.194s] INFO:colcon.colcon_core.shell:Creating environment descriptor '/workspaces/docker-ros2-ydlidar-x4/install/ydlidar_ros2_driver/share/ydlidar_ros2_driver/hook/cmake_prefix_path.dsv'
[5.194s] INFO:colcon.colcon_core.shell:Creating environment hook '/workspaces/docker-ros2-ydlidar-x4/install/ydlidar_ros2_driver/share/ydlidar_ros2_driver/hook/cmake_prefix_path.sh'
[5.195s] Level 1:colcon.colcon_core.environment:checking '/workspaces/docker-ros2-ydlidar-x4/install/ydlidar_ros2_driver/lib'
[5.195s] Level 1:colcon.colcon_core.environment:checking '/workspaces/docker-ros2-ydlidar-x4/install/ydlidar_ros2_driver/bin'
[5.195s] Level 1:colcon.colcon_core.environment:checking '/workspaces/docker-ros2-ydlidar-x4/install/ydlidar_ros2_driver/lib/pkgconfig/ydlidar_ros2_driver.pc'
[5.195s] Level 1:colcon.colcon_core.environment:checking '/workspaces/docker-ros2-ydlidar-x4/install/ydlidar_ros2_driver/lib/python3.8/site-packages'
[5.195s] INFO:colcon.colcon_core.shell:Creating package script '/workspaces/docker-ros2-ydlidar-x4/install/ydlidar_ros2_driver/share/ydlidar_ros2_driver/package.ps1'
[5.195s] INFO:colcon.colcon_core.shell:Creating package descriptor '/workspaces/docker-ros2-ydlidar-x4/install/ydlidar_ros2_driver/share/ydlidar_ros2_driver/package.dsv'
[5.196s] INFO:colcon.colcon_core.shell:Creating package script '/workspaces/docker-ros2-ydlidar-x4/install/ydlidar_ros2_driver/share/ydlidar_ros2_driver/package.sh'
[5.196s] INFO:colcon.colcon_core.shell:Creating package script '/workspaces/docker-ros2-ydlidar-x4/install/ydlidar_ros2_driver/share/ydlidar_ros2_driver/package.bash'
[5.196s] INFO:colcon.colcon_core.shell:Creating package script '/workspaces/docker-ros2-ydlidar-x4/install/ydlidar_ros2_driver/share/ydlidar_ros2_driver/package.zsh'
[5.196s] Level 1:colcon.colcon_core.environment:create_file_with_runtime_dependencies(/workspaces/docker-ros2-ydlidar-x4/install/ydlidar_ros2_driver/share/colcon-core/packages/ydlidar_ros2_driver)
[5.213s] Level 1:colcon.colcon_core.environment:create_environment_scripts_only(ydlidar_ros2_driver)
[5.214s] Level 1:colcon.colcon_core.environment:checking '/workspaces/docker-ros2-ydlidar-x4/install/ydlidar_ros2_driver' for CMake module files
[5.214s] Level 1:colcon.colcon_core.environment:checking '/workspaces/docker-ros2-ydlidar-x4/install/ydlidar_ros2_driver' for CMake config files
[5.214s] Level 1:colcon.colcon_core.shell:create_environment_hook('ydlidar_ros2_driver', 'cmake_prefix_path')
[5.214s] INFO:colcon.colcon_core.shell:Creating environment hook '/workspaces/docker-ros2-ydlidar-x4/install/ydlidar_ros2_driver/share/ydlidar_ros2_driver/hook/cmake_prefix_path.ps1'
[5.215s] INFO:colcon.colcon_core.shell:Creating environment descriptor '/workspaces/docker-ros2-ydlidar-x4/install/ydlidar_ros2_driver/share/ydlidar_ros2_driver/hook/cmake_prefix_path.dsv'
[5.215s] INFO:colcon.colcon_core.shell:Creating environment hook '/workspaces/docker-ros2-ydlidar-x4/install/ydlidar_ros2_driver/share/ydlidar_ros2_driver/hook/cmake_prefix_path.sh'
[5.215s] Level 1:colcon.colcon_core.environment:checking '/workspaces/docker-ros2-ydlidar-x4/install/ydlidar_ros2_driver/lib'
[5.215s] Level 1:colcon.colcon_core.environment:checking '/workspaces/docker-ros2-ydlidar-x4/install/ydlidar_ros2_driver/bin'
[5.216s] Level 1:colcon.colcon_core.environment:checking '/workspaces/docker-ros2-ydlidar-x4/install/ydlidar_ros2_driver/lib/pkgconfig/ydlidar_ros2_driver.pc'
[5.216s] Level 1:colcon.colcon_core.environment:checking '/workspaces/docker-ros2-ydlidar-x4/install/ydlidar_ros2_driver/lib/python3.8/site-packages'
[5.216s] INFO:colcon.colcon_core.shell:Creating package script '/workspaces/docker-ros2-ydlidar-x4/install/ydlidar_ros2_driver/share/ydlidar_ros2_driver/package.ps1'
[5.216s] INFO:colcon.colcon_core.shell:Creating package descriptor '/workspaces/docker-ros2-ydlidar-x4/install/ydlidar_ros2_driver/share/ydlidar_ros2_driver/package.dsv'
[5.217s] INFO:colcon.colcon_core.shell:Creating package script '/workspaces/docker-ros2-ydlidar-x4/install/ydlidar_ros2_driver/share/ydlidar_ros2_driver/package.sh'
[5.217s] INFO:colcon.colcon_core.shell:Creating package script '/workspaces/docker-ros2-ydlidar-x4/install/ydlidar_ros2_driver/share/ydlidar_ros2_driver/package.bash'
[5.217s] INFO:colcon.colcon_core.shell:Creating package script '/workspaces/docker-ros2-ydlidar-x4/install/ydlidar_ros2_driver/share/ydlidar_ros2_driver/package.zsh'
[5.217s] Level 1:colcon.colcon_core.environment:create_file_with_runtime_dependencies(/workspaces/docker-ros2-ydlidar-x4/install/ydlidar_ros2_driver/share/colcon-core/packages/ydlidar_ros2_driver)
[5.218s] DEBUG:colcon.colcon_parallel_executor.executor.parallel:closing loop
[5.218s] DEBUG:colcon.colcon_parallel_executor.executor.parallel:loop closed
[5.218s] DEBUG:colcon.colcon_parallel_executor.executor.parallel:run_until_complete finished with '0'
[5.218s] DEBUG:colcon.colcon_core.event_reactor:joining thread
[5.222s] INFO:colcon.colcon_core.plugin_system:Skipping extension 'colcon_notification.desktop_notification.notify_send': Could not find 'notify-send'
[5.223s] INFO:colcon.colcon_core.plugin_system:Skipping extension 'colcon_notification.desktop_notification.terminal_notifier': Not used on non-Darwin systems
[5.223s] INFO:colcon.colcon_core.plugin_system:Skipping extension 'colcon_notification.desktop_notification.win32': Not used on non-Windows systems
[5.223s] INFO:colcon.colcon_notification.desktop_notification:Sending desktop notification using 'notify2'
[5.224s] DEBUG:colcon.colcon_notification.desktop_notification.notify2:Failed to initialize notify2: org.freedesktop.DBus.Error.Spawn.ExecFailed: /usr/bin/dbus-launch terminated abnormally without any error message
[5.224s] DEBUG:colcon.colcon_core.event_reactor:joined thread
[5.225s] INFO:colcon.colcon_core.shell:Creating prefix script '/workspaces/docker-ros2-ydlidar-x4/install/local_setup.ps1'
[5.225s] INFO:colcon.colcon_core.shell:Creating prefix util module '/workspaces/docker-ros2-ydlidar-x4/install/_local_setup_util_ps1.py'
[5.226s] INFO:colcon.colcon_core.shell:Creating prefix chain script '/workspaces/docker-ros2-ydlidar-x4/install/setup.ps1'
[5.228s] INFO:colcon.colcon_core.shell:Creating prefix script '/workspaces/docker-ros2-ydlidar-x4/install/local_setup.sh'
[5.228s] INFO:colcon.colcon_core.shell:Creating prefix util module '/workspaces/docker-ros2-ydlidar-x4/install/_local_setup_util_sh.py'
[5.228s] INFO:colcon.colcon_core.shell:Creating prefix chain script '/workspaces/docker-ros2-ydlidar-x4/install/setup.sh'
[5.230s] INFO:colcon.colcon_core.shell:Creating prefix script '/workspaces/docker-ros2-ydlidar-x4/install/local_setup.bash'
[5.230s] INFO:colcon.colcon_core.shell:Creating prefix chain script '/workspaces/docker-ros2-ydlidar-x4/install/setup.bash'
[5.232s] INFO:colcon.colcon_core.shell:Creating prefix script '/workspaces/docker-ros2-ydlidar-x4/install/local_setup.zsh'
[5.232s] INFO:colcon.colcon_core.shell:Creating prefix chain script '/workspaces/docker-ros2-ydlidar-x4/install/setup.zsh'
