[0.012s] Invoking command in '/workspaces/docker-ros2-ydlidar-x4/build/ydlidar_ros2_driver': CMAKE_PREFIX_PATH=/opt/ros/foxy /usr/bin/cmake /workspaces/docker-ros2-ydlidar-x4/src/ydlidar_ros2_driver -DAMENT_CMAKE_SYMLINK_INSTALL=1 -DCMAKE_INSTALL_PREFIX=/workspaces/docker-ros2-ydlidar-x4/install/ydlidar_ros2_driver
[0.051s] -- The C compiler identification is GNU 9.3.0
[0.087s] -- The CXX compiler identification is GNU 9.3.0
[0.090s] -- Check for working C compiler: /usr/bin/cc
[0.136s] -- Check for working C compiler: /usr/bin/cc -- works
[0.136s] -- Detecting C compiler ABI info
[0.185s] -- Detecting C compiler ABI info - done
[0.193s] -- Detecting C compile features
[0.193s] -- Detecting C compile features - done
[0.195s] -- Check for working CXX compiler: /usr/bin/c++
[0.260s] -- Check for working CXX compiler: /usr/bin/c++ -- works
[0.261s] -- Detecting CXX compiler ABI info
[0.314s] -- Detecting CXX compiler ABI info - done
[0.322s] -- Detecting CXX compile features
[0.323s] -- Detecting CXX compile features - done
[0.324s] -- Found ament_cmake: 0.9.8 (/opt/ros/foxy/share/ament_cmake/cmake)
[0.340s] -- Found PythonInterp: /usr/bin/python3 (found suitable version "3.8.10", minimum required is "3") 
[0.340s] -- Using PYTHON_EXECUTABLE: /usr/bin/python3
[0.439s] -- Override CMake install command with custom implementation using symlinks instead of copying resources
[0.451s] -- Found rclcpp: 2.3.1 (/opt/ros/foxy/share/rclcpp/cmake)
[0.477s] -- Using all available rosidl_typesupport_c: rosidl_typesupport_fastrtps_c;rosidl_typesupport_introspection_c
[0.481s] -- Found rosidl_adapter: 1.2.1 (/opt/ros/foxy/share/rosidl_adapter/cmake)
[0.516s] -- Found OpenSSL: /usr/lib/x86_64-linux-gnu/libcrypto.so (found version "1.1.1f")  
[0.528s] -- Found FastRTPS: /opt/ros/foxy/include  
[0.573s] -- Using all available rosidl_typesupport_cpp: rosidl_typesupport_fastrtps_cpp;rosidl_typesupport_introspection_cpp
[0.614s] -- Found rmw_implementation_cmake: 1.0.3 (/opt/ros/foxy/share/rmw_implementation_cmake/cmake)
[0.616s] -- Using RMW implementation 'rmw_fastrtps_cpp' as default
[0.617s] -- Looking for pthread.h
[0.681s] -- Looking for pthread.h - found
[0.682s] -- Performing Test CMAKE_HAVE_LIBC_PTHREAD
[0.759s] -- Performing Test CMAKE_HAVE_LIBC_PTHREAD - Failed
[0.759s] -- Looking for pthread_create in pthreads
[0.818s] -- Looking for pthread_create in pthreads - not found
[0.818s] -- Looking for pthread_create in pthread
[0.880s] -- Looking for pthread_create in pthread - found
[0.881s] -- Found Threads: TRUE  
[1.007s] -- Found sensor_msgs: 2.0.4 (/opt/ros/foxy/share/sensor_msgs/cmake)
[1.096s] -- Found visualization_msgs: 2.0.4 (/opt/ros/foxy/share/visualization_msgs/cmake)
[1.151s] -- Found std_srvs: 2.0.4 (/opt/ros/foxy/share/std_srvs/cmake)
[1.162s] -- Found ament_lint_auto: 0.9.6 (/opt/ros/foxy/share/ament_lint_auto/cmake)
[1.214s] -- Added test 'copyright' to check source files copyright and LICENSE
[1.218s] -- Added test 'cppcheck' to perform static code analysis on C / C++ code
[1.218s] -- Configured cppcheck include dirs: /workspaces/docker-ros2-ydlidar-x4/src/ydlidar_ros2_driver/src
[1.219s] -- Configured cppcheck exclude dirs and/or files: 
[1.223s] -- Added test 'cpplint' to check C / C++ code against the Google style
[1.223s] -- Configured cpplint exclude dirs and/or files: 
[1.224s] -- Added test 'flake8' to check Python code syntax and style conventions
[1.225s] -- Added test 'lint_cmake' to check CMake code style
[1.226s] -- Added test 'pep257' to check Python code against some of the style conventions in PEP 257
[1.230s] -- Added test 'uncrustify' to check C / C++ code style
[1.230s] -- Configured uncrustify additional arguments: 
[1.231s] -- Added test 'xmllint' to check XML markup files
[1.234s] -- Configuring done
[1.244s] -- Generating done
[1.245s] -- Build files have been written to: /workspaces/docker-ros2-ydlidar-x4/build/ydlidar_ros2_driver
[1.250s] Invoked command in '/workspaces/docker-ros2-ydlidar-x4/build/ydlidar_ros2_driver' returned '0': CMAKE_PREFIX_PATH=/opt/ros/foxy /usr/bin/cmake /workspaces/docker-ros2-ydlidar-x4/src/ydlidar_ros2_driver -DAMENT_CMAKE_SYMLINK_INSTALL=1 -DCMAKE_INSTALL_PREFIX=/workspaces/docker-ros2-ydlidar-x4/install/ydlidar_ros2_driver
[1.252s] Invoking command in '/workspaces/docker-ros2-ydlidar-x4/build/ydlidar_ros2_driver': CMAKE_PREFIX_PATH=/opt/ros/foxy /usr/bin/cmake --build /workspaces/docker-ros2-ydlidar-x4/build/ydlidar_ros2_driver -- -j16 -l16
[1.280s] [35m[1mScanning dependencies of target ydlidar_ros2_driver_client[0m
[1.281s] [35m[1mScanning dependencies of target ydlidar_ros2_driver_node[0m
[1.312s] [ 25%] [32mBuilding CXX object CMakeFiles/ydlidar_ros2_driver_node.dir/src/ydlidar_ros2_driver_node.cpp.o[0m
[1.313s] [ 50%] [32mBuilding CXX object CMakeFiles/ydlidar_ros2_driver_client.dir/src/ydlidar_ros2_driver_client.cpp.o[0m
[2.329s] [01m[K/workspaces/docker-ros2-ydlidar-x4/src/ydlidar_ros2_driver/src/ydlidar_ros2_driver_node.cpp:[m[K In lambda function:
[2.329s] [01m[K/workspaces/docker-ros2-ydlidar-x4/src/ydlidar_ros2_driver/src/ydlidar_ros2_driver_node.cpp:163:54:[m[K [01;35m[Kwarning: [m[Kunused parameter ‘[01m[Krequest_header[m[K’ [[01;35m[K-Wunused-parameter[m[K]
[2.329s]   163 |     [&laser]([01;35m[Kconst std::shared_ptr<rmw_request_id_t> request_header[m[K,
[2.329s]       |              [01;35m[K~~~~~~~~~~~~~~~~~~~~~~~~~~~~~~~~~~~~~~~~^~~~~~~~~~~~~~[m[K
[2.329s] [01m[K/workspaces/docker-ros2-ydlidar-x4/src/ydlidar_ros2_driver/src/ydlidar_ros2_driver_node.cpp:164:56:[m[K [01;35m[Kwarning: [m[Kunused parameter ‘[01m[Kreq[m[K’ [[01;35m[K-Wunused-parameter[m[K]
[2.329s]   164 |   [01;35m[Kconst std::shared_ptr<std_srvs::srv::Empty::Request> req[m[K,
[2.329s]       |   [01;35m[K~~~~~~~~~~~~~~~~~~~~~~~~~~~~~~~~~~~~~~~~~~~~~~~~~~~~~^~~[m[K
[2.329s] [01m[K/workspaces/docker-ros2-ydlidar-x4/src/ydlidar_ros2_driver/src/ydlidar_ros2_driver_node.cpp:165:51:[m[K [01;35m[Kwarning: [m[Kunused parameter ‘[01m[Kresponse[m[K’ [[01;35m[K-Wunused-parameter[m[K]
[2.329s]   165 |   [01;35m[Kstd::shared_ptr<std_srvs::srv::Empty::Response> response[m[K) -> bool
[2.329s]       |   [01;35m[K~~~~~~~~~~~~~~~~~~~~~~~~~~~~~~~~~~~~~~~~~~~~~~~~^~~~~~~~[m[K
[2.331s] [01m[K/workspaces/docker-ros2-ydlidar-x4/src/ydlidar_ros2_driver/src/ydlidar_ros2_driver_node.cpp:[m[K In lambda function:
[2.331s] [01m[K/workspaces/docker-ros2-ydlidar-x4/src/ydlidar_ros2_driver/src/ydlidar_ros2_driver_node.cpp:173:54:[m[K [01;35m[Kwarning: [m[Kunused parameter ‘[01m[Krequest_header[m[K’ [[01;35m[K-Wunused-parameter[m[K]
[2.332s]   173 |     [&laser]([01;35m[Kconst std::shared_ptr<rmw_request_id_t> request_header[m[K,
[2.332s]       |              [01;35m[K~~~~~~~~~~~~~~~~~~~~~~~~~~~~~~~~~~~~~~~~^~~~~~~~~~~~~~[m[K
[2.332s] [01m[K/workspaces/docker-ros2-ydlidar-x4/src/ydlidar_ros2_driver/src/ydlidar_ros2_driver_node.cpp:174:56:[m[K [01;35m[Kwarning: [m[Kunused parameter ‘[01m[Kreq[m[K’ [[01;35m[K-Wunused-parameter[m[K]
[2.332s]   174 |   [01;35m[Kconst std::shared_ptr<std_srvs::srv::Empty::Request> req[m[K,
[2.332s]       |   [01;35m[K~~~~~~~~~~~~~~~~~~~~~~~~~~~~~~~~~~~~~~~~~~~~~~~~~~~~~^~~[m[K
[2.332s] [01m[K/workspaces/docker-ros2-ydlidar-x4/src/ydlidar_ros2_driver/src/ydlidar_ros2_driver_node.cpp:175:51:[m[K [01;35m[Kwarning: [m[Kunused parameter ‘[01m[Kresponse[m[K’ [[01;35m[K-Wunused-parameter[m[K]
[2.332s]   175 |   [01;35m[Kstd::shared_ptr<std_srvs::srv::Empty::Response> response[m[K) -> bool
[2.332s]       |   [01;35m[K~~~~~~~~~~~~~~~~~~~~~~~~~~~~~~~~~~~~~~~~~~~~~~~~^~~~~~~~[m[K
[3.795s] [ 75%] [32m[1mLinking CXX executable ydlidar_ros2_driver_node[0m
[3.944s] [ 75%] Built target ydlidar_ros2_driver_node
[4.640s] [100%] [32m[1mLinking CXX executable ydlidar_ros2_driver_client[0m
[4.800s] [100%] Built target ydlidar_ros2_driver_client
[4.807s] Invoked command in '/workspaces/docker-ros2-ydlidar-x4/build/ydlidar_ros2_driver' returned '0': CMAKE_PREFIX_PATH=/opt/ros/foxy /usr/bin/cmake --build /workspaces/docker-ros2-ydlidar-x4/build/ydlidar_ros2_driver -- -j16 -l16
[4.826s] Invoking command in '/workspaces/docker-ros2-ydlidar-x4/build/ydlidar_ros2_driver': CMAKE_PREFIX_PATH=/opt/ros/foxy /usr/bin/cmake --install /workspaces/docker-ros2-ydlidar-x4/build/ydlidar_ros2_driver
[4.832s] -- Install configuration: ""
[4.832s] -- Execute custom install script
[4.833s] -- Symlinking: /workspaces/docker-ros2-ydlidar-x4/install/ydlidar_ros2_driver/lib/ydlidar_ros2_driver/ydlidar_ros2_driver_node
[4.839s] -- Symlinking: /workspaces/docker-ros2-ydlidar-x4/install/ydlidar_ros2_driver/lib/ydlidar_ros2_driver/ydlidar_ros2_driver_client
[4.845s] -- Symlinking: /workspaces/docker-ros2-ydlidar-x4/install/ydlidar_ros2_driver/share/ydlidar_ros2_driver/launch/ydlidar.py
[4.851s] -- Symlinking: /workspaces/docker-ros2-ydlidar-x4/install/ydlidar_ros2_driver/share/ydlidar_ros2_driver/launch/ydlidar_launch.py
[4.856s] -- Symlinking: /workspaces/docker-ros2-ydlidar-x4/install/ydlidar_ros2_driver/share/ydlidar_ros2_driver/launch/ydlidar_launch_view.py
[4.862s] -- Symlinking: /workspaces/docker-ros2-ydlidar-x4/install/ydlidar_ros2_driver/share/ydlidar_ros2_driver/params/ydlidar.yaml
[4.869s] -- Symlinking: /workspaces/docker-ros2-ydlidar-x4/install/ydlidar_ros2_driver/share/ydlidar_ros2_driver/startup/initenv.sh
[4.876s] -- Symlinking: /workspaces/docker-ros2-ydlidar-x4/install/ydlidar_ros2_driver/share/ydlidar_ros2_driver/config/ydlidar.rviz
[4.881s] -- Symlinking: /workspaces/docker-ros2-ydlidar-x4/install/ydlidar_ros2_driver/share/ament_index/resource_index/package_run_dependencies/ydlidar_ros2_driver
[4.887s] -- Symlinking: /workspaces/docker-ros2-ydlidar-x4/install/ydlidar_ros2_driver/share/ament_index/resource_index/parent_prefix_path/ydlidar_ros2_driver
[4.893s] -- Symlinking: /workspaces/docker-ros2-ydlidar-x4/install/ydlidar_ros2_driver/share/ydlidar_ros2_driver/environment/ament_prefix_path.sh
[4.899s] -- Symlinking: /workspaces/docker-ros2-ydlidar-x4/install/ydlidar_ros2_driver/share/ydlidar_ros2_driver/environment/ament_prefix_path.dsv
[4.905s] -- Symlinking: /workspaces/docker-ros2-ydlidar-x4/install/ydlidar_ros2_driver/share/ydlidar_ros2_driver/environment/path.sh
[4.911s] -- Symlinking: /workspaces/docker-ros2-ydlidar-x4/install/ydlidar_ros2_driver/share/ydlidar_ros2_driver/environment/path.dsv
[4.916s] -- Symlinking: /workspaces/docker-ros2-ydlidar-x4/install/ydlidar_ros2_driver/share/ydlidar_ros2_driver/local_setup.bash
[4.922s] -- Symlinking: /workspaces/docker-ros2-ydlidar-x4/install/ydlidar_ros2_driver/share/ydlidar_ros2_driver/local_setup.sh
[4.928s] -- Symlinking: /workspaces/docker-ros2-ydlidar-x4/install/ydlidar_ros2_driver/share/ydlidar_ros2_driver/local_setup.zsh
[4.933s] -- Symlinking: /workspaces/docker-ros2-ydlidar-x4/install/ydlidar_ros2_driver/share/ydlidar_ros2_driver/local_setup.dsv
[4.939s] -- Symlinking: /workspaces/docker-ros2-ydlidar-x4/install/ydlidar_ros2_driver/share/ydlidar_ros2_driver/package.dsv
[4.945s] -- Symlinking: /workspaces/docker-ros2-ydlidar-x4/install/ydlidar_ros2_driver/share/ament_index/resource_index/packages/ydlidar_ros2_driver
[4.951s] -- Symlinking: /workspaces/docker-ros2-ydlidar-x4/install/ydlidar_ros2_driver/share/ydlidar_ros2_driver/cmake/ydlidar_ros2_driverConfig.cmake
[4.957s] -- Symlinking: /workspaces/docker-ros2-ydlidar-x4/install/ydlidar_ros2_driver/share/ydlidar_ros2_driver/cmake/ydlidar_ros2_driverConfig-version.cmake
[4.962s] -- Symlinking: /workspaces/docker-ros2-ydlidar-x4/install/ydlidar_ros2_driver/share/ydlidar_ros2_driver/package.xml
[4.970s] Invoked command in '/workspaces/docker-ros2-ydlidar-x4/build/ydlidar_ros2_driver' returned '0': CMAKE_PREFIX_PATH=/opt/ros/foxy /usr/bin/cmake --install /workspaces/docker-ros2-ydlidar-x4/build/ydlidar_ros2_driver
